<?xml version="1.0" encoding="UTF-8" ?>
<testsuite failures="1" time="4.071" errors="0" skipped="0" tests="1" name="com.autentia.hibernate.search.BookTest">
  <properties>
    <property name="java.runtime.name" value="Java(TM) SE Runtime Environment"/>
    <property name="sun.boot.library.path" value="/usr/lib/jvm/java-6-sun-1.6.0.16/jre/lib/i386"/>
    <property name="java.vm.version" value="14.2-b01"/>
    <property name="java.vm.vendor" value="Sun Microsystems Inc."/>
    <property name="java.vendor.url" value="http://java.sun.com/"/>
    <property name="path.separator" value=":"/>
    <property name="java.vm.name" value="Java HotSpot(TM) Server VM"/>
    <property name="file.encoding.pkg" value="sun.io"/>
    <property name="user.country" value="US"/>
    <property name="sun.java.launcher" value="SUN_STANDARD"/>
    <property name="sun.os.patch.level" value="unknown"/>
    <property name="java.vm.specification.name" value="Java Virtual Machine Specification"/>
    <property name="user.dir" value="/home/sorack/IDE/workspaces/opfind/opfind"/>
    <property name="java.runtime.version" value="1.6.0_16-b01"/>
    <property name="java.awt.graphicsenv" value="sun.awt.X11GraphicsEnvironment"/>
    <property name="basedir" value="/home/sorack/IDE/workspaces/opfind/opfind"/>
    <property name="java.endorsed.dirs" value="/usr/lib/jvm/java-6-sun-1.6.0.16/jre/lib/endorsed"/>
    <property name="os.arch" value="i386"/>
    <property name="surefire.real.class.path" value="/tmp/surefirebooter1773377502120586349.jar"/>
    <property name="java.io.tmpdir" value="/tmp"/>
    <property name="line.separator" value="
"/>
    <property name="java.vm.specification.vendor" value="Sun Microsystems Inc."/>
    <property name="os.name" value="Linux"/>
    <property name="sun.jnu.encoding" value="UTF-8"/>
    <property name="java.library.path" value="/usr/lib/jvm/java-6-sun-1.6.0.16/jre/lib/i386/server:/usr/lib/jvm/java-6-sun-1.6.0.16/jre/lib/i386:/usr/lib/jvm/java-6-sun-1.6.0.16/jre/../lib/i386:/usr/java/packages/lib/i386:/lib:/usr/lib"/>
    <property name="surefire.test.class.path" value="/home/sorack/IDE/workspaces/opfind/opfind/target/test-classes:/home/sorack/IDE/workspaces/opfind/opfind/target/classes:/home/sorack/.m2/repository/commons-logging/commons-logging/1.1.1/commons-logging-1.1.1.jar:/home/sorack/.m2/repository/commons-lang/commons-lang/2.4/commons-lang-2.4.jar:/home/sorack/.m2/repository/org/hibernate/hibernate/3.2.6.ga/hibernate-3.2.6.ga.jar:/home/sorack/.m2/repository/net/sf/ehcache/ehcache/1.2.3/ehcache-1.2.3.jar:/home/sorack/.m2/repository/commons-collections/commons-collections/2.1.1/commons-collections-2.1.1.jar:/home/sorack/.m2/repository/javax/transaction/jta/1.1/jta-1.1.jar:/home/sorack/.m2/repository/asm/asm-attrs/1.5.3/asm-attrs-1.5.3.jar:/home/sorack/.m2/repository/dom4j/dom4j/1.6.1/dom4j-1.6.1.jar:/home/sorack/.m2/repository/antlr/antlr/2.7.6/antlr-2.7.6.jar:/home/sorack/.m2/repository/cglib/cglib/2.1_3/cglib-2.1_3.jar:/home/sorack/.m2/repository/asm/asm/1.5.3/asm-1.5.3.jar:/home/sorack/.m2/repository/org/hibernate/hibernate-search/3.0.1.GA/hibernate-search-3.0.1.GA.jar:/home/sorack/.m2/repository/org/hibernate/hibernate-commons-annotations/3.0.0.ga/hibernate-commons-annotations-3.0.0.ga.jar:/home/sorack/.m2/repository/org/apache/lucene/lucene-core/2.3.0/lucene-core-2.3.0.jar:/home/sorack/.m2/repository/org/hibernate/hibernate-annotations/3.3.1.GA/hibernate-annotations-3.3.1.GA.jar:/home/sorack/.m2/repository/org/hibernate/ejb3-persistence/1.0.1.GA/ejb3-persistence-1.0.1.GA.jar:/home/sorack/.m2/repository/org/springframework/spring/2.5.3/spring-2.5.3.jar:/home/sorack/.m2/repository/org/springframework/spring-test/2.5.3/spring-test-2.5.3.jar:/home/sorack/.m2/repository/junit/junit/4.4/junit-4.4.jar:/home/sorack/.m2/repository/org/aspectj/aspectjrt/1.5.4/aspectjrt-1.5.4.jar:/home/sorack/.m2/repository/org/aspectj/aspectjweaver/1.5.4/aspectjweaver-1.5.4.jar:/home/sorack/.m2/repository/javax/annotation/jsr250-api/1.0/jsr250-api-1.0.jar:/home/sorack/.m2/repository/log4j/log4j/1.2.14/log4j-1.2.14.jar:/home/sorack/.m2/repository/hsqldb/hsqldb/1.8.0.7/hsqldb-1.8.0.7.jar:"/>
    <property name="java.specification.name" value="Java Platform API Specification"/>
    <property name="java.class.version" value="50.0"/>
    <property name="sun.management.compiler" value="HotSpot Tiered Compilers"/>
    <property name="os.version" value="2.6.31.4.core2duo"/>
    <property name="user.home" value="/home/sorack"/>
    <property name="user.timezone" value="Europe/Madrid"/>
    <property name="java.awt.printerjob" value="sun.print.PSPrinterJob"/>
    <property name="file.encoding" value="UTF-8"/>
    <property name="java.specification.version" value="1.6"/>
    <property name="user.name" value="sorack"/>
    <property name="java.class.path" value="/home/sorack/IDE/workspaces/opfind/opfind/target/test-classes:/home/sorack/IDE/workspaces/opfind/opfind/target/classes:/home/sorack/.m2/repository/commons-logging/commons-logging/1.1.1/commons-logging-1.1.1.jar:/home/sorack/.m2/repository/commons-lang/commons-lang/2.4/commons-lang-2.4.jar:/home/sorack/.m2/repository/org/hibernate/hibernate/3.2.6.ga/hibernate-3.2.6.ga.jar:/home/sorack/.m2/repository/net/sf/ehcache/ehcache/1.2.3/ehcache-1.2.3.jar:/home/sorack/.m2/repository/commons-collections/commons-collections/2.1.1/commons-collections-2.1.1.jar:/home/sorack/.m2/repository/javax/transaction/jta/1.1/jta-1.1.jar:/home/sorack/.m2/repository/asm/asm-attrs/1.5.3/asm-attrs-1.5.3.jar:/home/sorack/.m2/repository/dom4j/dom4j/1.6.1/dom4j-1.6.1.jar:/home/sorack/.m2/repository/antlr/antlr/2.7.6/antlr-2.7.6.jar:/home/sorack/.m2/repository/cglib/cglib/2.1_3/cglib-2.1_3.jar:/home/sorack/.m2/repository/asm/asm/1.5.3/asm-1.5.3.jar:/home/sorack/.m2/repository/org/hibernate/hibernate-search/3.0.1.GA/hibernate-search-3.0.1.GA.jar:/home/sorack/.m2/repository/org/hibernate/hibernate-commons-annotations/3.0.0.ga/hibernate-commons-annotations-3.0.0.ga.jar:/home/sorack/.m2/repository/org/apache/lucene/lucene-core/2.3.0/lucene-core-2.3.0.jar:/home/sorack/.m2/repository/org/hibernate/hibernate-annotations/3.3.1.GA/hibernate-annotations-3.3.1.GA.jar:/home/sorack/.m2/repository/org/hibernate/ejb3-persistence/1.0.1.GA/ejb3-persistence-1.0.1.GA.jar:/home/sorack/.m2/repository/org/springframework/spring/2.5.3/spring-2.5.3.jar:/home/sorack/.m2/repository/org/springframework/spring-test/2.5.3/spring-test-2.5.3.jar:/home/sorack/.m2/repository/junit/junit/4.4/junit-4.4.jar:/home/sorack/.m2/repository/org/aspectj/aspectjrt/1.5.4/aspectjrt-1.5.4.jar:/home/sorack/.m2/repository/org/aspectj/aspectjweaver/1.5.4/aspectjweaver-1.5.4.jar:/home/sorack/.m2/repository/javax/annotation/jsr250-api/1.0/jsr250-api-1.0.jar:/home/sorack/.m2/repository/log4j/log4j/1.2.14/log4j-1.2.14.jar:/home/sorack/.m2/repository/hsqldb/hsqldb/1.8.0.7/hsqldb-1.8.0.7.jar:"/>
    <property name="java.vm.specification.version" value="1.0"/>
    <property name="sun.arch.data.model" value="32"/>
    <property name="java.home" value="/usr/lib/jvm/java-6-sun-1.6.0.16/jre"/>
    <property name="java.specification.vendor" value="Sun Microsystems Inc."/>
    <property name="user.language" value="en"/>
    <property name="java.vm.info" value="mixed mode"/>
    <property name="java.version" value="1.6.0_16"/>
    <property name="java.ext.dirs" value="/usr/lib/jvm/java-6-sun-1.6.0.16/jre/lib/ext:/usr/java/packages/lib/ext"/>
    <property name="sun.boot.class.path" value="/usr/lib/jvm/java-6-sun-1.6.0.16/jre/lib/resources.jar:/usr/lib/jvm/java-6-sun-1.6.0.16/jre/lib/rt.jar:/usr/lib/jvm/java-6-sun-1.6.0.16/jre/lib/sunrsasign.jar:/usr/lib/jvm/java-6-sun-1.6.0.16/jre/lib/jsse.jar:/usr/lib/jvm/java-6-sun-1.6.0.16/jre/lib/jce.jar:/usr/lib/jvm/java-6-sun-1.6.0.16/jre/lib/charsets.jar:/usr/lib/jvm/java-6-sun-1.6.0.16/jre/classes"/>
    <property name="java.vendor" value="Sun Microsystems Inc."/>
    <property name="localRepository" value="/home/sorack/.m2/repository"/>
    <property name="file.separator" value="/"/>
    <property name="java.vendor.url.bug" value="http://java.sun.com/cgi-bin/bugreport.cgi"/>
    <property name="sun.cpu.endian" value="little"/>
    <property name="sun.io.unicode.encoding" value="UnicodeLittle"/>
    <property name="sun.desktop" value="gnome"/>
    <property name="sun.cpu.isalist" value=""/>
  </properties>
  <testcase time="1.576" classname="com.autentia.hibernate.search.BookTest" name="testFullTextQuery">
    <failure message="expected:&lt;1&gt; but was:&lt;0&gt;" type="java.lang.AssertionError">java.lang.AssertionError: expected:&lt;1&gt; but was:&lt;0&gt;
	at org.junit.Assert.fail(Assert.java:74)
	at org.junit.Assert.failNotEquals(Assert.java:448)
	at org.junit.Assert.assertEquals(Assert.java:102)
	at org.junit.Assert.assertEquals(Assert.java:323)
	at org.junit.Assert.assertEquals(Assert.java:319)
	at com.autentia.hibernate.search.BookTest.assertFindBooksBy(BookTest.java:30)
	at com.autentia.hibernate.search.BookTest.testFullTextQuery(BookTest.java:57)
	at sun.reflect.NativeMethodAccessorImpl.invoke0(Native Method)
	at sun.reflect.NativeMethodAccessorImpl.invoke(NativeMethodAccessorImpl.java:39)
	at sun.reflect.DelegatingMethodAccessorImpl.invoke(DelegatingMethodAccessorImpl.java:25)
	at java.lang.reflect.Method.invoke(Method.java:597)
	at org.springframework.test.context.junit4.SpringTestMethod.invoke(SpringTestMethod.java:163)
	at org.springframework.test.context.junit4.SpringMethodRoadie.runTestMethod(SpringMethodRoadie.java:233)
	at org.springframework.test.context.junit4.SpringMethodRoadie$RunBeforesThenTestThenAfters.run(SpringMethodRoadie.java:333)
	at org.springframework.test.context.junit4.SpringMethodRoadie.runWithRepetitions(SpringMethodRoadie.java:217)
	at org.springframework.test.context.junit4.SpringMethodRoadie.runTest(SpringMethodRoadie.java:197)
	at org.springframework.test.context.junit4.SpringMethodRoadie.run(SpringMethodRoadie.java:143)
	at org.springframework.test.context.junit4.SpringJUnit4ClassRunner.invokeTestMethod(SpringJUnit4ClassRunner.java:142)
	at org.junit.internal.runners.JUnit4ClassRunner.runMethods(JUnit4ClassRunner.java:51)
	at org.junit.internal.runners.JUnit4ClassRunner$1.run(JUnit4ClassRunner.java:44)
	at org.junit.internal.runners.ClassRoadie.runUnprotected(ClassRoadie.java:27)
	at org.junit.internal.runners.ClassRoadie.runProtected(ClassRoadie.java:37)
	at org.junit.internal.runners.JUnit4ClassRunner.run(JUnit4ClassRunner.java:42)
	at org.apache.maven.surefire.junit4.JUnit4TestSet.execute(JUnit4TestSet.java:62)
	at org.apache.maven.surefire.suite.AbstractDirectoryTestSuite.executeTestSet(AbstractDirectoryTestSuite.java:140)
	at org.apache.maven.surefire.suite.AbstractDirectoryTestSuite.execute(AbstractDirectoryTestSuite.java:127)
	at org.apache.maven.surefire.Surefire.run(Surefire.java:177)
	at sun.reflect.NativeMethodAccessorImpl.invoke0(Native Method)
	at sun.reflect.NativeMethodAccessorImpl.invoke(NativeMethodAccessorImpl.java:39)
	at sun.reflect.DelegatingMethodAccessorImpl.invoke(DelegatingMethodAccessorImpl.java:25)
	at java.lang.reflect.Method.invoke(Method.java:597)
	at org.apache.maven.surefire.booter.SurefireBooter.runSuitesInProcess(SurefireBooter.java:345)
	at org.apache.maven.surefire.booter.SurefireBooter.main(SurefireBooter.java:1009)
</failure>
    <system-out>Hibernate: insert into Book (id, publicationDate, summary, title) values (null, ?, ?, ?)
Hibernate: call identity()
Hibernate: insert into Book (id, publicationDate, summary, title) values (null, ?, ?, ?)
Hibernate: call identity()
Hibernate: insert into Book (id, publicationDate, summary, title) values (null, ?, ?, ?)
Hibernate: call identity()
Hibernate: insert into Book (id, publicationDate, summary, title) values (null, ?, ?, ?)
Hibernate: call identity()
Hibernate: insert into Book (id, publicationDate, summary, title) values (null, ?, ?, ?)
Hibernate: call identity()
Hibernate: select this_.id as id0_0_, this_.publicationDate as publicat2_0_0_, this_.summary as summary0_0_, this_.title as title0_0_ from Book this_ where (this_.id in (?, ?))
Hibernate: select this_.id as id0_0_, this_.publicationDate as publicat2_0_0_, this_.summary as summary0_0_, this_.title as title0_0_ from Book this_ where (this_.id in (?, ?, ?))
Hibernate: select this_.id as id0_0_, this_.publicationDate as publicat2_0_0_, this_.summary as summary0_0_, this_.title as title0_0_ from Book this_ where (this_.id in (?))
Hibernate: select this_.id as id0_0_, this_.publicationDate as publicat2_0_0_, this_.summary as summary0_0_, this_.title as title0_0_ from Book this_ where (this_.id in (?, ?))
Hibernate: select this_.id as id0_0_, this_.publicationDate as publicat2_0_0_, this_.summary as summary0_0_, this_.title as title0_0_ from Book this_ where (this_.id in (?, ?, ?, ?))
</system-out>
  </testcase>
</testsuite>